[2024-09-10 13:55:45] production.ERROR: No application encryption key has been specified. {"exception":"[object] (Illuminate\\Encryption\\MissingAppKeyException(code: 0): No application encryption key has been specified. at /home/xdsadv/oi/test/php-laravel-docker/vendor/laravel/framework/src/Illuminate/Encryption/EncryptionServiceProvider.php:83)
[stacktrace]
#0 /home/xdsadv/oi/test/php-laravel-docker/vendor/laravel/framework/src/Illuminate/Support/helpers.php(345): Illuminate\\Encryption\\EncryptionServiceProvider->Illuminate\\Encryption\\{closure}()
#1 /home/xdsadv/oi/test/php-laravel-docker/vendor/laravel/framework/src/Illuminate/Encryption/EncryptionServiceProvider.php(81): tap()
#2 /home/xdsadv/oi/test/php-laravel-docker/vendor/laravel/framework/src/Illuminate/Encryption/EncryptionServiceProvider.php(64): Illuminate\\Encryption\\EncryptionServiceProvider->key()
#3 /home/xdsadv/oi/test/php-laravel-docker/vendor/laravel/framework/src/Illuminate/Encryption/EncryptionServiceProvider.php(32): Illuminate\\Encryption\\EncryptionServiceProvider->parseKey()
#4 /home/xdsadv/oi/test/php-laravel-docker/vendor/laravel/framework/src/Illuminate/Container/Container.php(900): Illuminate\\Encryption\\EncryptionServiceProvider->Illuminate\\Encryption\\{closure}()
#5 /home/xdsadv/oi/test/php-laravel-docker/vendor/laravel/framework/src/Illuminate/Container/Container.php(787): Illuminate\\Container\\Container->build()
#6 /home/xdsadv/oi/test/php-laravel-docker/vendor/laravel/framework/src/Illuminate/Foundation/Application.php(1026): Illuminate\\Container\\Container->resolve()
#7 /home/xdsadv/oi/test/php-laravel-docker/vendor/laravel/framework/src/Illuminate/Container/Container.php(723): Illuminate\\Foundation\\Application->resolve()
#8 /home/xdsadv/oi/test/php-laravel-docker/vendor/laravel/framework/src/Illuminate/Foundation/Application.php(1011): Illuminate\\Container\\Container->make()
#9 /home/xdsadv/oi/test/php-laravel-docker/vendor/laravel/framework/src/Illuminate/Container/Container.php(1058): Illuminate\\Foundation\\Application->make()
#10 /home/xdsadv/oi/test/php-laravel-docker/vendor/laravel/framework/src/Illuminate/Container/Container.php(974): Illuminate\\Container\\Container->resolveClass()
#11 /home/xdsadv/oi/test/php-laravel-docker/vendor/laravel/framework/src/Illuminate/Container/Container.php(935): Illuminate\\Container\\Container->resolveDependencies()
#12 /home/xdsadv/oi/test/php-laravel-docker/vendor/laravel/framework/src/Illuminate/Container/Container.php(787): Illuminate\\Container\\Container->build()
#13 /home/xdsadv/oi/test/php-laravel-docker/vendor/laravel/framework/src/Illuminate/Foundation/Application.php(1026): Illuminate\\Container\\Container->resolve()
#14 /home/xdsadv/oi/test/php-laravel-docker/vendor/laravel/framework/src/Illuminate/Container/Container.php(723): Illuminate\\Foundation\\Application->resolve()
#15 /home/xdsadv/oi/test/php-laravel-docker/vendor/laravel/framework/src/Illuminate/Foundation/Application.php(1011): Illuminate\\Container\\Container->make()
#16 /home/xdsadv/oi/test/php-laravel-docker/vendor/laravel/framework/src/Illuminate/Pipeline/Pipeline.php(172): Illuminate\\Foundation\\Application->make()
#17 /home/xdsadv/oi/test/php-laravel-docker/vendor/laravel/framework/src/Illuminate/Pipeline/Pipeline.php(119): Illuminate\\Pipeline\\Pipeline->Illuminate\\Pipeline\\{closure}()
#18 /home/xdsadv/oi/test/php-laravel-docker/vendor/laravel/framework/src/Illuminate/Routing/Router.php(805): Illuminate\\Pipeline\\Pipeline->then()
#19 /home/xdsadv/oi/test/php-laravel-docker/vendor/laravel/framework/src/Illuminate/Routing/Router.php(784): Illuminate\\Routing\\Router->runRouteWithinStack()
#20 /home/xdsadv/oi/test/php-laravel-docker/vendor/laravel/framework/src/Illuminate/Routing/Router.php(748): Illuminate\\Routing\\Router->runRoute()
#21 /home/xdsadv/oi/test/php-laravel-docker/vendor/laravel/framework/src/Illuminate/Routing/Router.php(737): Illuminate\\Routing\\Router->dispatchToRoute()
#22 /home/xdsadv/oi/test/php-laravel-docker/vendor/laravel/framework/src/Illuminate/Foundation/Http/Kernel.php(200): Illuminate\\Routing\\Router->dispatch()
#23 /home/xdsadv/oi/test/php-laravel-docker/vendor/laravel/framework/src/Illuminate/Pipeline/Pipeline.php(144): Illuminate\\Foundation\\Http\\Kernel->Illuminate\\Foundation\\Http\\{closure}()
#24 /home/xdsadv/oi/test/php-laravel-docker/vendor/laravel/framework/src/Illuminate/Http/Middleware/TrustProxies.php(57): Illuminate\\Pipeline\\Pipeline->Illuminate\\Pipeline\\{closure}()
#25 /home/xdsadv/oi/test/php-laravel-docker/vendor/laravel/framework/src/Illuminate/Pipeline/Pipeline.php(183): Illuminate\\Http\\Middleware\\TrustProxies->handle()
#26 /home/xdsadv/oi/test/php-laravel-docker/vendor/laravel/framework/src/Illuminate/Foundation/Http/Middleware/TransformsRequest.php(21): Illuminate\\Pipeline\\Pipeline->Illuminate\\Pipeline\\{closure}()
#27 /home/xdsadv/oi/test/php-laravel-docker/vendor/laravel/framework/src/Illuminate/Foundation/Http/Middleware/ConvertEmptyStringsToNull.php(31): Illuminate\\Foundation\\Http\\Middleware\\TransformsRequest->handle()
#28 /home/xdsadv/oi/test/php-laravel-docker/vendor/laravel/framework/src/Illuminate/Pipeline/Pipeline.php(183): Illuminate\\Foundation\\Http\\Middleware\\ConvertEmptyStringsToNull->handle()
#29 /home/xdsadv/oi/test/php-laravel-docker/vendor/laravel/framework/src/Illuminate/Foundation/Http/Middleware/TransformsRequest.php(21): Illuminate\\Pipeline\\Pipeline->Illuminate\\Pipeline\\{closure}()
#30 /home/xdsadv/oi/test/php-laravel-docker/vendor/laravel/framework/src/Illuminate/Foundation/Http/Middleware/TrimStrings.php(50): Illuminate\\Foundation\\Http\\Middleware\\TransformsRequest->handle()
#31 /home/xdsadv/oi/test/php-laravel-docker/vendor/laravel/framework/src/Illuminate/Pipeline/Pipeline.php(183): Illuminate\\Foundation\\Http\\Middleware\\TrimStrings->handle()
#32 /home/xdsadv/oi/test/php-laravel-docker/vendor/laravel/framework/src/Illuminate/Http/Middleware/ValidatePostSize.php(27): Illuminate\\Pipeline\\Pipeline->Illuminate\\Pipeline\\{closure}()
#33 /home/xdsadv/oi/test/php-laravel-docker/vendor/laravel/framework/src/Illuminate/Pipeline/Pipeline.php(183): Illuminate\\Http\\Middleware\\ValidatePostSize->handle()
#34 /home/xdsadv/oi/test/php-laravel-docker/vendor/laravel/framework/src/Illuminate/Foundation/Http/Middleware/PreventRequestsDuringMaintenance.php(103): Illuminate\\Pipeline\\Pipeline->Illuminate\\Pipeline\\{closure}()
#35 /home/xdsadv/oi/test/php-laravel-docker/vendor/laravel/framework/src/Illuminate/Pipeline/Pipeline.php(183): Illuminate\\Foundation\\Http\\Middleware\\PreventRequestsDuringMaintenance->handle()
#36 /home/xdsadv/oi/test/php-laravel-docker/vendor/laravel/framework/src/Illuminate/Pipeline/Pipeline.php(119): Illuminate\\Pipeline\\Pipeline->Illuminate\\Pipeline\\{closure}()
#37 /home/xdsadv/oi/test/php-laravel-docker/vendor/laravel/framework/src/Illuminate/Foundation/Http/Kernel.php(175): Illuminate\\Pipeline\\Pipeline->then()
#38 /home/xdsadv/oi/test/php-laravel-docker/vendor/laravel/framework/src/Illuminate/Foundation/Http/Kernel.php(144): Illuminate\\Foundation\\Http\\Kernel->sendRequestThroughRouter()
#39 /home/xdsadv/oi/test/php-laravel-docker/public/index.php(54): Illuminate\\Foundation\\Http\\Kernel->handle()
#40 /home/xdsadv/oi/test/php-laravel-docker/server.php(21): require_once('...')
#41 {main}
"} 
[2024-09-10 13:55:45] production.ERROR: No application encryption key has been specified. {"exception":"[object] (Illuminate\\Encryption\\MissingAppKeyException(code: 0): No application encryption key has been specified. at /home/xdsadv/oi/test/php-laravel-docker/vendor/laravel/framework/src/Illuminate/Encryption/EncryptionServiceProvider.php:83)
[stacktrace]
#0 /home/xdsadv/oi/test/php-laravel-docker/vendor/laravel/framework/src/Illuminate/Support/helpers.php(345): Illuminate\\Encryption\\EncryptionServiceProvider->Illuminate\\Encryption\\{closure}()
#1 /home/xdsadv/oi/test/php-laravel-docker/vendor/laravel/framework/src/Illuminate/Encryption/EncryptionServiceProvider.php(81): tap()
#2 /home/xdsadv/oi/test/php-laravel-docker/vendor/laravel/framework/src/Illuminate/Encryption/EncryptionServiceProvider.php(64): Illuminate\\Encryption\\EncryptionServiceProvider->key()
#3 /home/xdsadv/oi/test/php-laravel-docker/vendor/laravel/framework/src/Illuminate/Encryption/EncryptionServiceProvider.php(32): Illuminate\\Encryption\\EncryptionServiceProvider->parseKey()
#4 /home/xdsadv/oi/test/php-laravel-docker/vendor/laravel/framework/src/Illuminate/Container/Container.php(900): Illuminate\\Encryption\\EncryptionServiceProvider->Illuminate\\Encryption\\{closure}()
#5 /home/xdsadv/oi/test/php-laravel-docker/vendor/laravel/framework/src/Illuminate/Container/Container.php(787): Illuminate\\Container\\Container->build()
#6 /home/xdsadv/oi/test/php-laravel-docker/vendor/laravel/framework/src/Illuminate/Foundation/Application.php(1026): Illuminate\\Container\\Container->resolve()
#7 /home/xdsadv/oi/test/php-laravel-docker/vendor/laravel/framework/src/Illuminate/Container/Container.php(723): Illuminate\\Foundation\\Application->resolve()
#8 /home/xdsadv/oi/test/php-laravel-docker/vendor/laravel/framework/src/Illuminate/Foundation/Application.php(1011): Illuminate\\Container\\Container->make()
#9 /home/xdsadv/oi/test/php-laravel-docker/vendor/laravel/framework/src/Illuminate/Container/Container.php(1058): Illuminate\\Foundation\\Application->make()
#10 /home/xdsadv/oi/test/php-laravel-docker/vendor/laravel/framework/src/Illuminate/Container/Container.php(974): Illuminate\\Container\\Container->resolveClass()
#11 /home/xdsadv/oi/test/php-laravel-docker/vendor/laravel/framework/src/Illuminate/Container/Container.php(935): Illuminate\\Container\\Container->resolveDependencies()
#12 /home/xdsadv/oi/test/php-laravel-docker/vendor/laravel/framework/src/Illuminate/Container/Container.php(787): Illuminate\\Container\\Container->build()
#13 /home/xdsadv/oi/test/php-laravel-docker/vendor/laravel/framework/src/Illuminate/Foundation/Application.php(1026): Illuminate\\Container\\Container->resolve()
#14 /home/xdsadv/oi/test/php-laravel-docker/vendor/laravel/framework/src/Illuminate/Container/Container.php(723): Illuminate\\Foundation\\Application->resolve()
#15 /home/xdsadv/oi/test/php-laravel-docker/vendor/laravel/framework/src/Illuminate/Foundation/Application.php(1011): Illuminate\\Container\\Container->make()
#16 /home/xdsadv/oi/test/php-laravel-docker/vendor/laravel/framework/src/Illuminate/Foundation/Http/Kernel.php(255): Illuminate\\Foundation\\Application->make()
#17 /home/xdsadv/oi/test/php-laravel-docker/vendor/laravel/framework/src/Illuminate/Foundation/Http/Kernel.php(213): Illuminate\\Foundation\\Http\\Kernel->terminateMiddleware()
#18 /home/xdsadv/oi/test/php-laravel-docker/public/index.php(60): Illuminate\\Foundation\\Http\\Kernel->terminate()
#19 /home/xdsadv/oi/test/php-laravel-docker/server.php(21): require_once('...')
#20 {main}
"} 
[2024-09-10 13:55:48] production.ERROR: No application encryption key has been specified. {"exception":"[object] (Illuminate\\Encryption\\MissingAppKeyException(code: 0): No application encryption key has been specified. at /home/xdsadv/oi/test/php-laravel-docker/vendor/laravel/framework/src/Illuminate/Encryption/EncryptionServiceProvider.php:83)
[stacktrace]
#0 /home/xdsadv/oi/test/php-laravel-docker/vendor/laravel/framework/src/Illuminate/Support/helpers.php(345): Illuminate\\Encryption\\EncryptionServiceProvider->Illuminate\\Encryption\\{closure}()
#1 /home/xdsadv/oi/test/php-laravel-docker/vendor/laravel/framework/src/Illuminate/Encryption/EncryptionServiceProvider.php(81): tap()
#2 /home/xdsadv/oi/test/php-laravel-docker/vendor/laravel/framework/src/Illuminate/Encryption/EncryptionServiceProvider.php(64): Illuminate\\Encryption\\EncryptionServiceProvider->key()
#3 /home/xdsadv/oi/test/php-laravel-docker/vendor/laravel/framework/src/Illuminate/Encryption/EncryptionServiceProvider.php(32): Illuminate\\Encryption\\EncryptionServiceProvider->parseKey()
#4 /home/xdsadv/oi/test/php-laravel-docker/vendor/laravel/framework/src/Illuminate/Container/Container.php(900): Illuminate\\Encryption\\EncryptionServiceProvider->Illuminate\\Encryption\\{closure}()
#5 /home/xdsadv/oi/test/php-laravel-docker/vendor/laravel/framework/src/Illuminate/Container/Container.php(787): Illuminate\\Container\\Container->build()
#6 /home/xdsadv/oi/test/php-laravel-docker/vendor/laravel/framework/src/Illuminate/Foundation/Application.php(1026): Illuminate\\Container\\Container->resolve()
#7 /home/xdsadv/oi/test/php-laravel-docker/vendor/laravel/framework/src/Illuminate/Container/Container.php(723): Illuminate\\Foundation\\Application->resolve()
#8 /home/xdsadv/oi/test/php-laravel-docker/vendor/laravel/framework/src/Illuminate/Foundation/Application.php(1011): Illuminate\\Container\\Container->make()
#9 /home/xdsadv/oi/test/php-laravel-docker/vendor/laravel/framework/src/Illuminate/Container/Container.php(1058): Illuminate\\Foundation\\Application->make()
#10 /home/xdsadv/oi/test/php-laravel-docker/vendor/laravel/framework/src/Illuminate/Container/Container.php(974): Illuminate\\Container\\Container->resolveClass()
#11 /home/xdsadv/oi/test/php-laravel-docker/vendor/laravel/framework/src/Illuminate/Container/Container.php(935): Illuminate\\Container\\Container->resolveDependencies()
#12 /home/xdsadv/oi/test/php-laravel-docker/vendor/laravel/framework/src/Illuminate/Container/Container.php(787): Illuminate\\Container\\Container->build()
#13 /home/xdsadv/oi/test/php-laravel-docker/vendor/laravel/framework/src/Illuminate/Foundation/Application.php(1026): Illuminate\\Container\\Container->resolve()
#14 /home/xdsadv/oi/test/php-laravel-docker/vendor/laravel/framework/src/Illuminate/Container/Container.php(723): Illuminate\\Foundation\\Application->resolve()
#15 /home/xdsadv/oi/test/php-laravel-docker/vendor/laravel/framework/src/Illuminate/Foundation/Application.php(1011): Illuminate\\Container\\Container->make()
#16 /home/xdsadv/oi/test/php-laravel-docker/vendor/laravel/framework/src/Illuminate/Pipeline/Pipeline.php(172): Illuminate\\Foundation\\Application->make()
#17 /home/xdsadv/oi/test/php-laravel-docker/vendor/laravel/framework/src/Illuminate/Pipeline/Pipeline.php(119): Illuminate\\Pipeline\\Pipeline->Illuminate\\Pipeline\\{closure}()
#18 /home/xdsadv/oi/test/php-laravel-docker/vendor/laravel/framework/src/Illuminate/Routing/Router.php(805): Illuminate\\Pipeline\\Pipeline->then()
#19 /home/xdsadv/oi/test/php-laravel-docker/vendor/laravel/framework/src/Illuminate/Routing/Router.php(784): Illuminate\\Routing\\Router->runRouteWithinStack()
#20 /home/xdsadv/oi/test/php-laravel-docker/vendor/laravel/framework/src/Illuminate/Routing/Router.php(748): Illuminate\\Routing\\Router->runRoute()
#21 /home/xdsadv/oi/test/php-laravel-docker/vendor/laravel/framework/src/Illuminate/Routing/Router.php(737): Illuminate\\Routing\\Router->dispatchToRoute()
#22 /home/xdsadv/oi/test/php-laravel-docker/vendor/laravel/framework/src/Illuminate/Foundation/Http/Kernel.php(200): Illuminate\\Routing\\Router->dispatch()
#23 /home/xdsadv/oi/test/php-laravel-docker/vendor/laravel/framework/src/Illuminate/Pipeline/Pipeline.php(144): Illuminate\\Foundation\\Http\\Kernel->Illuminate\\Foundation\\Http\\{closure}()
#24 /home/xdsadv/oi/test/php-laravel-docker/vendor/laravel/framework/src/Illuminate/Http/Middleware/TrustProxies.php(57): Illuminate\\Pipeline\\Pipeline->Illuminate\\Pipeline\\{closure}()
#25 /home/xdsadv/oi/test/php-laravel-docker/vendor/laravel/framework/src/Illuminate/Pipeline/Pipeline.php(183): Illuminate\\Http\\Middleware\\TrustProxies->handle()
#26 /home/xdsadv/oi/test/php-laravel-docker/vendor/laravel/framework/src/Illuminate/Foundation/Http/Middleware/TransformsRequest.php(21): Illuminate\\Pipeline\\Pipeline->Illuminate\\Pipeline\\{closure}()
#27 /home/xdsadv/oi/test/php-laravel-docker/vendor/laravel/framework/src/Illuminate/Foundation/Http/Middleware/ConvertEmptyStringsToNull.php(31): Illuminate\\Foundation\\Http\\Middleware\\TransformsRequest->handle()
#28 /home/xdsadv/oi/test/php-laravel-docker/vendor/laravel/framework/src/Illuminate/Pipeline/Pipeline.php(183): Illuminate\\Foundation\\Http\\Middleware\\ConvertEmptyStringsToNull->handle()
#29 /home/xdsadv/oi/test/php-laravel-docker/vendor/laravel/framework/src/Illuminate/Foundation/Http/Middleware/TransformsRequest.php(21): Illuminate\\Pipeline\\Pipeline->Illuminate\\Pipeline\\{closure}()
#30 /home/xdsadv/oi/test/php-laravel-docker/vendor/laravel/framework/src/Illuminate/Foundation/Http/Middleware/TrimStrings.php(50): Illuminate\\Foundation\\Http\\Middleware\\TransformsRequest->handle()
#31 /home/xdsadv/oi/test/php-laravel-docker/vendor/laravel/framework/src/Illuminate/Pipeline/Pipeline.php(183): Illuminate\\Foundation\\Http\\Middleware\\TrimStrings->handle()
#32 /home/xdsadv/oi/test/php-laravel-docker/vendor/laravel/framework/src/Illuminate/Http/Middleware/ValidatePostSize.php(27): Illuminate\\Pipeline\\Pipeline->Illuminate\\Pipeline\\{closure}()
#33 /home/xdsadv/oi/test/php-laravel-docker/vendor/laravel/framework/src/Illuminate/Pipeline/Pipeline.php(183): Illuminate\\Http\\Middleware\\ValidatePostSize->handle()
#34 /home/xdsadv/oi/test/php-laravel-docker/vendor/laravel/framework/src/Illuminate/Foundation/Http/Middleware/PreventRequestsDuringMaintenance.php(103): Illuminate\\Pipeline\\Pipeline->Illuminate\\Pipeline\\{closure}()
#35 /home/xdsadv/oi/test/php-laravel-docker/vendor/laravel/framework/src/Illuminate/Pipeline/Pipeline.php(183): Illuminate\\Foundation\\Http\\Middleware\\PreventRequestsDuringMaintenance->handle()
#36 /home/xdsadv/oi/test/php-laravel-docker/vendor/laravel/framework/src/Illuminate/Pipeline/Pipeline.php(119): Illuminate\\Pipeline\\Pipeline->Illuminate\\Pipeline\\{closure}()
#37 /home/xdsadv/oi/test/php-laravel-docker/vendor/laravel/framework/src/Illuminate/Foundation/Http/Kernel.php(175): Illuminate\\Pipeline\\Pipeline->then()
#38 /home/xdsadv/oi/test/php-laravel-docker/vendor/laravel/framework/src/Illuminate/Foundation/Http/Kernel.php(144): Illuminate\\Foundation\\Http\\Kernel->sendRequestThroughRouter()
#39 /home/xdsadv/oi/test/php-laravel-docker/public/index.php(54): Illuminate\\Foundation\\Http\\Kernel->handle()
#40 /home/xdsadv/oi/test/php-laravel-docker/server.php(21): require_once('...')
#41 {main}
"} 
[2024-09-10 13:55:48] production.ERROR: No application encryption key has been specified. {"exception":"[object] (Illuminate\\Encryption\\MissingAppKeyException(code: 0): No application encryption key has been specified. at /home/xdsadv/oi/test/php-laravel-docker/vendor/laravel/framework/src/Illuminate/Encryption/EncryptionServiceProvider.php:83)
[stacktrace]
#0 /home/xdsadv/oi/test/php-laravel-docker/vendor/laravel/framework/src/Illuminate/Support/helpers.php(345): Illuminate\\Encryption\\EncryptionServiceProvider->Illuminate\\Encryption\\{closure}()
#1 /home/xdsadv/oi/test/php-laravel-docker/vendor/laravel/framework/src/Illuminate/Encryption/EncryptionServiceProvider.php(81): tap()
#2 /home/xdsadv/oi/test/php-laravel-docker/vendor/laravel/framework/src/Illuminate/Encryption/EncryptionServiceProvider.php(64): Illuminate\\Encryption\\EncryptionServiceProvider->key()
#3 /home/xdsadv/oi/test/php-laravel-docker/vendor/laravel/framework/src/Illuminate/Encryption/EncryptionServiceProvider.php(32): Illuminate\\Encryption\\EncryptionServiceProvider->parseKey()
#4 /home/xdsadv/oi/test/php-laravel-docker/vendor/laravel/framework/src/Illuminate/Container/Container.php(900): Illuminate\\Encryption\\EncryptionServiceProvider->Illuminate\\Encryption\\{closure}()
#5 /home/xdsadv/oi/test/php-laravel-docker/vendor/laravel/framework/src/Illuminate/Container/Container.php(787): Illuminate\\Container\\Container->build()
#6 /home/xdsadv/oi/test/php-laravel-docker/vendor/laravel/framework/src/Illuminate/Foundation/Application.php(1026): Illuminate\\Container\\Container->resolve()
#7 /home/xdsadv/oi/test/php-laravel-docker/vendor/laravel/framework/src/Illuminate/Container/Container.php(723): Illuminate\\Foundation\\Application->resolve()
#8 /home/xdsadv/oi/test/php-laravel-docker/vendor/laravel/framework/src/Illuminate/Foundation/Application.php(1011): Illuminate\\Container\\Container->make()
#9 /home/xdsadv/oi/test/php-laravel-docker/vendor/laravel/framework/src/Illuminate/Container/Container.php(1058): Illuminate\\Foundation\\Application->make()
#10 /home/xdsadv/oi/test/php-laravel-docker/vendor/laravel/framework/src/Illuminate/Container/Container.php(974): Illuminate\\Container\\Container->resolveClass()
#11 /home/xdsadv/oi/test/php-laravel-docker/vendor/laravel/framework/src/Illuminate/Container/Container.php(935): Illuminate\\Container\\Container->resolveDependencies()
#12 /home/xdsadv/oi/test/php-laravel-docker/vendor/laravel/framework/src/Illuminate/Container/Container.php(787): Illuminate\\Container\\Container->build()
#13 /home/xdsadv/oi/test/php-laravel-docker/vendor/laravel/framework/src/Illuminate/Foundation/Application.php(1026): Illuminate\\Container\\Container->resolve()
#14 /home/xdsadv/oi/test/php-laravel-docker/vendor/laravel/framework/src/Illuminate/Container/Container.php(723): Illuminate\\Foundation\\Application->resolve()
#15 /home/xdsadv/oi/test/php-laravel-docker/vendor/laravel/framework/src/Illuminate/Foundation/Application.php(1011): Illuminate\\Container\\Container->make()
#16 /home/xdsadv/oi/test/php-laravel-docker/vendor/laravel/framework/src/Illuminate/Foundation/Http/Kernel.php(255): Illuminate\\Foundation\\Application->make()
#17 /home/xdsadv/oi/test/php-laravel-docker/vendor/laravel/framework/src/Illuminate/Foundation/Http/Kernel.php(213): Illuminate\\Foundation\\Http\\Kernel->terminateMiddleware()
#18 /home/xdsadv/oi/test/php-laravel-docker/public/index.php(60): Illuminate\\Foundation\\Http\\Kernel->terminate()
#19 /home/xdsadv/oi/test/php-laravel-docker/server.php(21): require_once('...')
#20 {main}
"} 
